c:\users\asus\downloads\processhider-master\processhider-master\x64 launcher\x64\release\vc143.pdb
c:\users\asus\downloads\processhider-master\processhider-master\x64 launcher\x64\release\x64 launcher.obj
c:\users\asus\downloads\processhider-master\processhider-master\x64 launcher\x64\release\xgetopt.obj
c:\users\asus\downloads\processhider-master\processhider-master\x64 launcher\x64\release\preparations.obj
c:\users\asus\downloads\processhider-master\processhider-master\x64 launcher\x64\release\loadlibraryr.obj
c:\users\asus\downloads\processhider-master\processhider-master\x64 launcher\x64\release\linkedlist.obj
c:\users\asus\downloads\processhider-master\processhider-master\x64 launcher\x64\release\injector.obj
c:\users\asus\downloads\processhider-master\processhider-master\x64 launcher\x64\release\getprocaddressr.obj
c:\users\asus\downloads\processhider-master\processhider-master\x64 launcher\x64\release\daemon.obj
c:\users\asus\downloads\processhider-master\processhider-master\buildoutput\x64hider.exe
c:\users\asus\downloads\processhider-master\processhider-master\buildoutput\x64hider.pdb
c:\users\asus\downloads\processhider-master\processhider-master\x64 launcher\x64\release\x64hider.ipdb
c:\users\asus\downloads\processhider-master\processhider-master\x64 launcher\x64\release\x64hider.iobj
c:\users\asus\downloads\processhider-master\processhider-master\x64 launcher\x64\release\x64 launcher.tlog\cl.command.1.tlog
c:\users\asus\downloads\processhider-master\processhider-master\x64 launcher\x64\release\x64 launcher.tlog\cl.items.tlog
c:\users\asus\downloads\processhider-master\processhider-master\x64 launcher\x64\release\x64 launcher.tlog\cl.read.1.tlog
c:\users\asus\downloads\processhider-master\processhider-master\x64 launcher\x64\release\x64 launcher.tlog\cl.write.1.tlog
c:\users\asus\downloads\processhider-master\processhider-master\x64 launcher\x64\release\x64 launcher.tlog\link.command.1.tlog
c:\users\asus\downloads\processhider-master\processhider-master\x64 launcher\x64\release\x64 launcher.tlog\link.read.1.tlog
c:\users\asus\downloads\processhider-master\processhider-master\x64 launcher\x64\release\x64 launcher.tlog\link.secondary.1.tlog
c:\users\asus\downloads\processhider-master\processhider-master\x64 launcher\x64\release\x64 launcher.tlog\link.write.1.tlog
