c:\users\asus\downloads\processhider-master\processhider-master\x64payload\x64\release\x64payload.pch
c:\users\asus\downloads\processhider-master\processhider-master\x64payload\x64\release\vc143.pdb
c:\users\asus\downloads\processhider-master\processhider-master\x64payload\x64\release\stdafx.obj
c:\users\asus\downloads\processhider-master\processhider-master\x64payload\x64\release\payload.obj
c:\users\asus\downloads\processhider-master\processhider-master\x64payload\x64\release\reflectiveloader.obj
c:\users\asus\downloads\processhider-master\processhider-master\x64payload\x64\release\nthookengine.obj
c:\users\asus\downloads\processhider-master\processhider-master\x64payload\x64\release\dllmain.obj
c:\users\asus\downloads\processhider-master\processhider-master\buildoutput\x64payload.dll
c:\users\asus\downloads\processhider-master\processhider-master\buildoutput\x64payload.pdb
c:\users\asus\downloads\processhider-master\processhider-master\buildoutput\x64payload.lib
c:\users\asus\downloads\processhider-master\processhider-master\buildoutput\x64payload.exp
c:\users\asus\downloads\processhider-master\processhider-master\x64payload\x64\release\x64payload.ipdb
c:\users\asus\downloads\processhider-master\processhider-master\x64payload\x64\release\x64payload.iobj
c:\users\asus\downloads\processhider-master\processhider-master\x64payload\x64\release\x64payload.tlog\cl.command.1.tlog
c:\users\asus\downloads\processhider-master\processhider-master\x64payload\x64\release\x64payload.tlog\cl.items.tlog
c:\users\asus\downloads\processhider-master\processhider-master\x64payload\x64\release\x64payload.tlog\cl.read.1.tlog
c:\users\asus\downloads\processhider-master\processhider-master\x64payload\x64\release\x64payload.tlog\cl.write.1.tlog
c:\users\asus\downloads\processhider-master\processhider-master\x64payload\x64\release\x64payload.tlog\link.command.1.tlog
c:\users\asus\downloads\processhider-master\processhider-master\x64payload\x64\release\x64payload.tlog\link.read.1.tlog
c:\users\asus\downloads\processhider-master\processhider-master\x64payload\x64\release\x64payload.tlog\link.secondary.1.tlog
c:\users\asus\downloads\processhider-master\processhider-master\x64payload\x64\release\x64payload.tlog\link.write.1.tlog
