c:\users\asus\downloads\processhider-master\processhider-master\processhider\x64\release\vc143.pdb
c:\users\asus\downloads\processhider-master\processhider-master\processhider\x64\release\xgetopt.obj
c:\users\asus\downloads\processhider-master\processhider-master\processhider\x64\release\preparations.obj
c:\users\asus\downloads\processhider-master\processhider-master\processhider\x64\release\loadlibraryr.obj
c:\users\asus\downloads\processhider-master\processhider-master\processhider\x64\release\linkedlist.obj
c:\users\asus\downloads\processhider-master\processhider-master\processhider\x64\release\injector.obj
c:\users\asus\downloads\processhider-master\processhider-master\processhider\x64\release\hidermain.obj
c:\users\asus\downloads\processhider-master\processhider-master\processhider\x64\release\getprocaddressr.obj
c:\users\asus\downloads\processhider-master\processhider-master\processhider\x64\release\daemon.obj
c:\users\asus\downloads\processhider-master\processhider-master\processhider\x64\release\dlls_hex.obj
c:\users\asus\downloads\processhider-master\processhider-master\x64\release\processhider.exe
c:\users\asus\downloads\processhider-master\processhider-master\x64\release\processhider.pdb
c:\users\asus\downloads\processhider-master\processhider-master\processhider\x64\release\processhider.res
c:\users\asus\downloads\processhider-master\processhider-master\processhider\x64\release\processhider.ipdb
c:\users\asus\downloads\processhider-master\processhider-master\processhider\x64\release\processhider.iobj
c:\users\asus\downloads\processhider-master\processhider-master\processhider\x64\release\processhider.tlog\cl.command.1.tlog
c:\users\asus\downloads\processhider-master\processhider-master\processhider\x64\release\processhider.tlog\cl.items.tlog
c:\users\asus\downloads\processhider-master\processhider-master\processhider\x64\release\processhider.tlog\cl.read.1.tlog
c:\users\asus\downloads\processhider-master\processhider-master\processhider\x64\release\processhider.tlog\cl.write.1.tlog
c:\users\asus\downloads\processhider-master\processhider-master\processhider\x64\release\processhider.tlog\link.command.1.tlog
c:\users\asus\downloads\processhider-master\processhider-master\processhider\x64\release\processhider.tlog\link.read.1.tlog
c:\users\asus\downloads\processhider-master\processhider-master\processhider\x64\release\processhider.tlog\link.secondary.1.tlog
c:\users\asus\downloads\processhider-master\processhider-master\processhider\x64\release\processhider.tlog\link.write.1.tlog
c:\users\asus\downloads\processhider-master\processhider-master\processhider\x64\release\processhider.tlog\rc.command.1.tlog
c:\users\asus\downloads\processhider-master\processhider-master\processhider\x64\release\processhider.tlog\rc.read.1.tlog
c:\users\asus\downloads\processhider-master\processhider-master\processhider\x64\release\processhider.tlog\rc.write.1.tlog
